
> daily-imperative@0.1.0 start
> next start

  ▲ Next.js 14.2.35
  - Local:        http://localhost:3000

 ✓ Starting...
 ✓ Ready in 912ms
 [AuthApiError: Invalid Refresh Token: Refresh Token Not Found] {
  __isAuthError: true,
  name: 'AuthApiError',
  status: 400,
  code: 'refresh_token_not_found'
}
 [AuthApiError: Invalid Refresh Token: Refresh Token Not Found] {
  __isAuthError: true,
  name: 'AuthApiError',
  status: 400,
  code: 'refresh_token_not_found'
}
 [AuthApiError: Invalid Refresh Token: Refresh Token Not Found] {
  __isAuthError: true,
  name: 'AuthApiError',
  status: 400,
  code: 'refresh_token_not_found'
}
 [AuthApiError: Invalid Refresh Token: Refresh Token Not Found] {
  __isAuthError: true,
  name: 'AuthApiError',
  status: 400,
  code: 'refresh_token_not_found'
}
